<?xml version="1.0" encoding="UTF-8"?>
<testng-results ignored="0" total="2" passed="2" failed="0" skipped="0">
  <reporter-output>
  </reporter-output>
  <suite started-at="2022-09-15T19:33:42 IST" name="Default suite" finished-at="2022-09-15T19:33:42 IST" duration-ms="141">
    <groups>
    </groups>
    <test started-at="2022-09-15T19:33:42 IST" name="Default test" finished-at="2022-09-15T19:33:42 IST" duration-ms="141">
      <class name="demoProject.demoTest">
        <test-method signature="RegrationTest()[pri:0, instance:demoProject.demoTest@2df9b86]" started-at="2022-09-15T19:33:42 IST" name="RegrationTest" finished-at="2022-09-15T19:33:42 IST" duration-ms="30" status="PASS">
          <reporter-output>
          </reporter-output>
        </test-method> <!-- RegrationTest -->
        <test-method signature="Smoke()[pri:0, instance:demoProject.demoTest@2df9b86]" started-at="2022-09-15T19:33:42 IST" name="Smoke" finished-at="2022-09-15T19:33:42 IST" duration-ms="8" status="PASS">
          <reporter-output>
          </reporter-output>
        </test-method> <!-- Smoke -->
      </class> <!-- demoProject.demoTest -->
    </test> <!-- Default test -->
  </suite> <!-- Default suite -->
</testng-results>
